2026-07-21 03:22:06,311 - INFO - Starting Sales ETL Pipeline
2026-07-21 03:22:06,891 - INFO - Starting Sales ETL Pipeline
2026-07-21 03:22:12,300 - INFO - Spark session created
2026-07-21 03:22:12,300 - INFO - Reading sales data from data/raw/ecommerce_sales_analytics_5000.csv
2026-07-21 03:22:15,126 - INFO - Found 5000 total records
2026-07-21 03:22:15,269 - INFO - Extracted 5000 raw records
2026-07-21 03:22:15,269 - INFO - Starting data transformation...
2026-07-21 03:22:16,846 - INFO - Transformation complete. Final record count: 5000
2026-07-21 03:22:17,117 - INFO - Transformed to 5000 clean records
2026-07-21 03:22:17,363 - INFO - Writing 5000 records to data/processed/orders
2026-07-21 03:22:18,264 - INFO - Successfully wrote 5000 records
2026-07-21 03:22:18,265 - INFO - Output location: data/processed/orders/orders.csv
2026-07-21 03:22:20,759 - INFO - 
========== ETL Summary Report ==========
2026-07-21 03:22:20,760 - INFO - total_orders: 5000
2026-07-21 03:22:20,760 - INFO - unique_customers: 989
2026-07-21 03:22:20,760 - INFO - unique_products: 4
2026-07-21 03:22:20,760 - INFO - payment_methods: 3
2026-07-21 03:22:20,760 - INFO - total_revenue: 5109775.740000011
2026-07-21 03:22:20,760 - INFO - date_range: 2022-01-01 to 2035-09-09
2026-07-21 03:22:20,760 - INFO - 
Orders by Region
2026-07-21 03:22:21,194 - INFO - East: 1227 orders
2026-07-21 03:22:21,195 - INFO - North: 1276 orders
2026-07-21 03:22:21,195 - INFO - South: 1208 orders
2026-07-21 03:22:21,195 - INFO - West: 1289 orders
2026-07-21 03:22:21,195 - INFO - 
Orders by Customer Rating
2026-07-21 03:22:21,654 - INFO - Rating 1.0: 80 orders
2026-07-21 03:22:21,654 - INFO - Rating 1.1: 121 orders
2026-07-21 03:22:21,654 - INFO - Rating 1.2: 119 orders
2026-07-21 03:22:21,654 - INFO - Rating 1.3: 125 orders
2026-07-21 03:22:21,654 - INFO - Rating 1.4: 134 orders
2026-07-21 03:22:21,654 - INFO - Rating 1.5: 129 orders
2026-07-21 03:22:21,654 - INFO - Rating 1.6: 122 orders
2026-07-21 03:22:21,654 - INFO - Rating 1.7: 143 orders
2026-07-21 03:22:21,655 - INFO - Rating 1.8: 127 orders
2026-07-21 03:22:21,655 - INFO - Rating 1.9: 115 orders
2026-07-21 03:22:21,655 - INFO - Rating 2.0: 129 orders
2026-07-21 03:22:21,655 - INFO - Rating 2.1: 116 orders
2026-07-21 03:22:21,655 - INFO - Rating 2.2: 149 orders
2026-07-21 03:22:21,655 - INFO - Rating 2.3: 137 orders
2026-07-21 03:22:21,655 - INFO - Rating 2.4: 133 orders
2026-07-21 03:22:21,655 - INFO - Rating 2.5: 119 orders
2026-07-21 03:22:21,655 - INFO - Rating 2.6: 127 orders
2026-07-21 03:22:21,655 - INFO - Rating 2.7: 119 orders
2026-07-21 03:22:21,655 - INFO - Rating 2.8: 112 orders
2026-07-21 03:22:21,655 - INFO - Rating 2.9: 121 orders
2026-07-21 03:22:21,655 - INFO - Rating 3.0: 128 orders
2026-07-21 03:22:21,656 - INFO - Rating 3.1: 137 orders
2026-07-21 03:22:21,656 - INFO - Rating 3.2: 139 orders
2026-07-21 03:22:21,656 - INFO - Rating 3.3: 107 orders
2026-07-21 03:22:21,656 - INFO - Rating 3.4: 116 orders
2026-07-21 03:22:21,656 - INFO - Rating 3.5: 137 orders
2026-07-21 03:22:21,656 - INFO - Rating 3.6: 133 orders
2026-07-21 03:22:21,656 - INFO - Rating 3.7: 111 orders
2026-07-21 03:22:21,656 - INFO - Rating 3.8: 121 orders
2026-07-21 03:22:21,656 - INFO - Rating 3.9: 125 orders
2026-07-21 03:22:21,656 - INFO - Rating 4.0: 105 orders
2026-07-21 03:22:21,656 - INFO - Rating 4.1: 133 orders
2026-07-21 03:22:21,656 - INFO - Rating 4.2: 116 orders
2026-07-21 03:22:21,656 - INFO - Rating 4.3: 122 orders
2026-07-21 03:22:21,657 - INFO - Rating 4.4: 126 orders
2026-07-21 03:22:21,657 - INFO - Rating 4.5: 108 orders
2026-07-21 03:22:21,657 - INFO - Rating 4.6: 124 orders
2026-07-21 03:22:21,657 - INFO - Rating 4.7: 118 orders
2026-07-21 03:22:21,657 - INFO - Rating 4.8: 126 orders
2026-07-21 03:22:21,657 - INFO - Rating 4.9: 118 orders
2026-07-21 03:22:21,657 - INFO - Rating 5.0: 73 orders
2026-07-21 03:22:21,657 - INFO - ========================================

2026-07-21 03:22:21,657 - INFO - Pipeline completed successfully in 14.77 seconds
2026-07-21 03:22:21,755 - INFO - Spark session closed
2026-07-21 03:22:21,765 - INFO - Closing down clientserver connection
